{"/Users/amirhosseindaneshpour/Documents/Projects/Rahnema-Projects/2ndWeek/Voting-System/src/index.ts": {"path":"/Users/amirhosseindaneshpour/Documents/Projects/Rahnema-Projects/2ndWeek/Voting-System/src/index.ts","statementMap":{"0":{"start":{"line":1,"column":0},"end":{"line":1,"column":30}},"1":{"start":{"line":2,"column":0},"end":{"line":2,"column":58}},"2":{"start":{"line":3,"column":0},"end":{"line":3,"column":57}},"3":{"start":{"line":6,"column":13},"end":{"line":6,"column":29}},"4":{"start":{"line":7,"column":13},"end":{"line":7,"column":25}},"5":{"start":{"line":9,"column":0},"end":{"line":9,"column":24}},"6":{"start":{"line":10,"column":0},"end":{"line":10,"column":48}},"7":{"start":{"line":12,"column":0},"end":{"line":12,"column":29}},"8":{"start":{"line":14,"column":0},"end":{"line":14,"column":20}}},"fnMap":{},"branchMap":{},"s":{"0":2,"1":2,"2":2,"3":2,"4":2,"5":2,"6":2,"7":2,"8":2},"f":{},"b":{}}
,"/Users/amirhosseindaneshpour/Documents/Projects/Rahnema-Projects/2ndWeek/Voting-System/src/controllers/plan/index.ts": {"path":"/Users/amirhosseindaneshpour/Documents/Projects/Rahnema-Projects/2ndWeek/Voting-System/src/controllers/plan/index.ts","statementMap":{"0":{"start":{"line":1,"column":0},"end":{"line":1,"column":30}},"1":{"start":{"line":2,"column":0},"end":{"line":2,"column":75}},"2":{"start":{"line":3,"column":0},"end":{"line":3,"column":46}},"3":{"start":{"line":4,"column":0},"end":{"line":4,"column":74}},"4":{"start":{"line":6,"column":15},"end":{"line":6,"column":32}},"5":{"start":{"line":8,"column":13},"end":{"line":8,"column":39}},"6":{"start":{"line":10,"column":0},"end":{"line":48,"column":3}},"7":{"start":{"line":10,"column":36},"end":{"line":48,"column":2}},"8":{"start":{"line":11,"column":45},"end":{"line":11,"column":53}},"9":{"start":{"line":13,"column":4},"end":{"line":21,"column":null}},"10":{"start":{"line":14,"column":8},"end":{"line":19,"column":11}},"11":{"start":{"line":20,"column":8},"end":{"line":20,"column":15}},"12":{"start":{"line":23,"column":4},"end":{"line":31,"column":null}},"13":{"start":{"line":24,"column":8},"end":{"line":29,"column":11}},"14":{"start":{"line":30,"column":8},"end":{"line":30,"column":14}},"15":{"start":{"line":33,"column":4},"end":{"line":41,"column":null}},"16":{"start":{"line":34,"column":8},"end":{"line":39,"column":11}},"17":{"start":{"line":40,"column":8},"end":{"line":40,"column":14}},"18":{"start":{"line":43,"column":39},"end":{"line":43,"column":86}},"19":{"start":{"line":45,"column":4},"end":{"line":45,"column":26}},"20":{"start":{"line":47,"column":4},"end":{"line":47,"column":32}}},"fnMap":{"0":{"name":"(anonymous_8)","decl":{"start":{"line":10,"column":17},"end":{"line":10,"column":24}},"loc":{"start":{"line":10,"column":36},"end":{"line":48,"column":2}}},"1":{"name":"(anonymous_9)","decl":{"start":{"line":10,"column":36},"end":{"line":10,"column":null}},"loc":{"start":{"line":10,"column":36},"end":{"line":48,"column":1}}}},"branchMap":{"0":{"loc":{"start":{"line":13,"column":4},"end":{"line":21,"column":null}},"type":"if","locations":[{"start":{"line":13,"column":4},"end":{"line":21,"column":null}}]},"1":{"loc":{"start":{"line":23,"column":4},"end":{"line":31,"column":null}},"type":"if","locations":[{"start":{"line":23,"column":4},"end":{"line":31,"column":null}}]},"2":{"loc":{"start":{"line":23,"column":8},"end":{"line":23,"column":54}},"type":"binary-expr","locations":[{"start":{"line":23,"column":8},"end":{"line":23,"column":19}},{"start":{"line":23,"column":23},"end":{"line":23,"column":54}}]},"3":{"loc":{"start":{"line":33,"column":4},"end":{"line":41,"column":null}},"type":"if","locations":[{"start":{"line":33,"column":4},"end":{"line":41,"column":null}}]}},"s":{"0":2,"1":2,"2":2,"3":2,"4":2,"5":2,"6":2,"7":4,"8":4,"9":4,"10":1,"11":1,"12":3,"13":1,"14":1,"15":2,"16":1,"17":1,"18":1,"19":1,"20":1},"f":{"0":4,"1":4},"b":{"0":[1],"1":[1],"2":[3,3],"3":[1]}}
,"/Users/amirhosseindaneshpour/Documents/Projects/Rahnema-Projects/2ndWeek/Voting-System/src/controllers/user/index.ts": {"path":"/Users/amirhosseindaneshpour/Documents/Projects/Rahnema-Projects/2ndWeek/Voting-System/src/controllers/user/index.ts","statementMap":{"0":{"start":{"line":1,"column":0},"end":{"line":1,"column":30}},"1":{"start":{"line":2,"column":0},"end":{"line":2,"column":75}},"2":{"start":{"line":3,"column":0},"end":{"line":3,"column":56}},"3":{"start":{"line":5,"column":0},"end":{"line":5,"column":48}},"4":{"start":{"line":7,"column":13},"end":{"line":7,"column":39}},"5":{"start":{"line":9,"column":0},"end":{"line":23,"column":3}},"6":{"start":{"line":10,"column":35},"end":{"line":10,"column":43}},"7":{"start":{"line":11,"column":31},"end":{"line":11,"column":69}},"8":{"start":{"line":12,"column":31},"end":{"line":12,"column":69}},"9":{"start":{"line":14,"column":4},"end":{"line":17,"column":null}},"10":{"start":{"line":15,"column":8},"end":{"line":15,"column":96}},"11":{"start":{"line":16,"column":8},"end":{"line":16,"column":15}},"12":{"start":{"line":19,"column":39},"end":{"line":19,"column":68}},"13":{"start":{"line":21,"column":4},"end":{"line":21,"column":32}},"14":{"start":{"line":22,"column":4},"end":{"line":22,"column":11}}},"fnMap":{"0":{"name":"(anonymous_1)","decl":{"start":{"line":9,"column":22},"end":{"line":9,"column":23}},"loc":{"start":{"line":9,"column":34},"end":{"line":23,"column":1}}}},"branchMap":{"0":{"loc":{"start":{"line":14,"column":4},"end":{"line":17,"column":null}},"type":"if","locations":[{"start":{"line":14,"column":4},"end":{"line":17,"column":null}}]},"1":{"loc":{"start":{"line":14,"column":8},"end":{"line":14,"column":62}},"type":"binary-expr","locations":[{"start":{"line":14,"column":8},"end":{"line":14,"column":33}},{"start":{"line":14,"column":37},"end":{"line":14,"column":62}}]}},"s":{"0":2,"1":2,"2":2,"3":2,"4":2,"5":2,"6":5,"7":5,"8":5,"9":5,"10":2,"11":2,"12":3,"13":3,"14":3},"f":{"0":5},"b":{"0":[2],"1":[5,4]}}
,"/Users/amirhosseindaneshpour/Documents/Projects/Rahnema-Projects/2ndWeek/Voting-System/src/controllers/utility/http-response/index.ts": {"path":"/Users/amirhosseindaneshpour/Documents/Projects/Rahnema-Projects/2ndWeek/Voting-System/src/controllers/utility/http-response/index.ts","statementMap":{"0":{"start":{"line":11,"column":28},"end":{"line":13,"column":1}},"1":{"start":{"line":12,"column":4},"end":{"line":12,"column":50}},"2":{"start":{"line":11,"column":13},"end":{"line":11,"column":28}}},"fnMap":{"0":{"name":"(anonymous_0)","decl":{"start":{"line":11,"column":28},"end":{"line":11,"column":29}},"loc":{"start":{"line":11,"column":71},"end":{"line":13,"column":1}}}},"branchMap":{},"s":{"0":2,"1":9,"2":2},"f":{"0":9},"b":{}}
,"/Users/amirhosseindaneshpour/Documents/Projects/Rahnema-Projects/2ndWeek/Voting-System/src/repositories/plan/index.ts": {"path":"/Users/amirhosseindaneshpour/Documents/Projects/Rahnema-Projects/2ndWeek/Voting-System/src/repositories/plan/index.ts","statementMap":{"0":{"start":{"line":3,"column":14},"end":{"line":3,"column":24}},"1":{"start":{"line":4,"column":17},"end":{"line":4,"column":32}},"2":{"start":{"line":5,"column":18},"end":{"line":5,"column":33}},"3":{"start":{"line":6,"column":0},"end":{"line":6,"column":41}},"4":{"start":{"line":7,"column":0},"end":{"line":7,"column":42}},"5":{"start":{"line":18,"column":12},"end":{"line":36,"column":6}},"6":{"start":{"line":37,"column":12},"end":{"line":37,"column":54}},"7":{"start":{"line":40,"column":8},"end":{"line":42,"column":null}},"8":{"start":{"line":41,"column":12},"end":{"line":41,"column":57}},"9":{"start":{"line":43,"column":8},"end":{"line":43,"column":37}},"10":{"start":{"line":47,"column":8},"end":{"line":47,"column":28}},"11":{"start":{"line":48,"column":21},"end":{"line":48,"column":61}},"12":{"start":{"line":49,"column":8},"end":{"line":49,"column":33}},"13":{"start":{"line":50,"column":8},"end":{"line":50,"column":23}},"14":{"start":{"line":17,"column":19},"end":{"line":17,"column":66}},"15":{"start":{"line":54,"column":0},"end":{"line":54,"column":30}}},"fnMap":{"0":{"name":"(anonymous_0)","decl":{"start":{"line":16,"column":4},"end":{"line":16,"column":27}},"loc":{"start":{"line":16,"column":4},"end":{"line":16,"column":28}}},"1":{"name":"(anonymous_1)","decl":{"start":{"line":39,"column":11},"end":{"line":39,"column":17}},"loc":{"start":{"line":39,"column":29},"end":{"line":44,"column":5}}},"2":{"name":"(anonymous_2)","decl":{"start":{"line":46,"column":4},"end":{"line":46,"column":11}},"loc":{"start":{"line":46,"column":25},"end":{"line":51,"column":5}}}},"branchMap":{"0":{"loc":{"start":{"line":40,"column":8},"end":{"line":42,"column":null}},"type":"if","locations":[{"start":{"line":40,"column":8},"end":{"line":42,"column":null}}]}},"s":{"0":3,"1":3,"2":3,"3":3,"4":3,"5":3,"6":3,"7":3,"8":3,"9":3,"10":1,"11":1,"12":1,"13":1,"14":3,"15":3},"f":{"0":3,"1":3,"2":1},"b":{"0":[3]}}
,"/Users/amirhosseindaneshpour/Documents/Projects/Rahnema-Projects/2ndWeek/Voting-System/src/repositories/user/index.ts": {"path":"/Users/amirhosseindaneshpour/Documents/Projects/Rahnema-Projects/2ndWeek/Voting-System/src/repositories/user/index.ts","statementMap":{"0":{"start":{"line":1,"column":0},"end":{"line":1,"column":26}},"1":{"start":{"line":7,"column":12},"end":{"line":26,"column":6}},"2":{"start":{"line":29,"column":8},"end":{"line":31,"column":null}},"3":{"start":{"line":30,"column":12},"end":{"line":30,"column":57}},"4":{"start":{"line":32,"column":8},"end":{"line":32,"column":37}},"5":{"start":{"line":36,"column":8},"end":{"line":36,"column":99}},"6":{"start":{"line":36,"column":41},"end":{"line":36,"column":97}},"7":{"start":{"line":6,"column":19},"end":{"line":6,"column":66}},"8":{"start":{"line":40,"column":0},"end":{"line":40,"column":30}}},"fnMap":{"0":{"name":"(anonymous_0)","decl":{"start":{"line":5,"column":4},"end":{"line":5,"column":27}},"loc":{"start":{"line":5,"column":4},"end":{"line":5,"column":28}}},"1":{"name":"(anonymous_1)","decl":{"start":{"line":28,"column":11},"end":{"line":28,"column":17}},"loc":{"start":{"line":28,"column":29},"end":{"line":33,"column":5}}},"2":{"name":"(anonymous_2)","decl":{"start":{"line":35,"column":4},"end":{"line":35,"column":32}},"loc":{"start":{"line":35,"column":67},"end":{"line":37,"column":5}}},"3":{"name":"(anonymous_3)","decl":{"start":{"line":36,"column":31},"end":{"line":36,"column":32}},"loc":{"start":{"line":36,"column":41},"end":{"line":36,"column":97}}}},"branchMap":{"0":{"loc":{"start":{"line":29,"column":8},"end":{"line":31,"column":null}},"type":"if","locations":[{"start":{"line":29,"column":8},"end":{"line":31,"column":null}}]},"1":{"loc":{"start":{"line":36,"column":41},"end":{"line":36,"column":97}},"type":"binary-expr","locations":[{"start":{"line":36,"column":41},"end":{"line":36,"column":67}},{"start":{"line":36,"column":71},"end":{"line":36,"column":97}}]}},"s":{"0":3,"1":3,"2":3,"3":3,"4":3,"5":5,"6":11,"7":3,"8":3},"f":{"0":3,"1":3,"2":5,"3":11},"b":{"0":[3],"1":[11,3]}}
,"/Users/amirhosseindaneshpour/Documents/Projects/Rahnema-Projects/2ndWeek/Voting-System/src/services/plan/index.ts": {"path":"/Users/amirhosseindaneshpour/Documents/Projects/Rahnema-Projects/2ndWeek/Voting-System/src/services/plan/index.ts","statementMap":{"0":{"start":{"line":1,"column":0},"end":{"line":1,"column":53}},"1":{"start":{"line":2,"column":0},"end":{"line":2,"column":59}},"2":{"start":{"line":5,"column":23},"end":{"line":5,"column":51}},"3":{"start":{"line":7,"column":29},"end":{"line":13,"column":1}},"4":{"start":{"line":8,"column":24},"end":{"line":8,"column":34}},"5":{"start":{"line":9,"column":4},"end":{"line":11,"column":null}},"6":{"start":{"line":10,"column":8},"end":{"line":10,"column":68}},"7":{"start":{"line":12,"column":4},"end":{"line":12,"column":16}},"8":{"start":{"line":7,"column":13},"end":{"line":7,"column":29}},"9":{"start":{"line":15,"column":23},"end":{"line":27,"column":1}},"10":{"start":{"line":16,"column":4},"end":{"line":26,"column":null}},"11":{"start":{"line":17,"column":8},"end":{"line":17,"column":32}},"12":{"start":{"line":19,"column":27},"end":{"line":19,"column":83}},"13":{"start":{"line":20,"column":8},"end":{"line":20,"column":99}},"14":{"start":{"line":22,"column":8},"end":{"line":24,"column":null}},"15":{"start":{"line":23,"column":12},"end":{"line":23,"column":73}},"16":{"start":{"line":25,"column":8},"end":{"line":25,"column":91}},"17":{"start":{"line":15,"column":13},"end":{"line":15,"column":23}}},"fnMap":{"0":{"name":"(anonymous_1)","decl":{"start":{"line":7,"column":29},"end":{"line":7,"column":30}},"loc":{"start":{"line":7,"column":44},"end":{"line":13,"column":1}}},"1":{"name":"(anonymous_2)","decl":{"start":{"line":15,"column":23},"end":{"line":15,"column":24}},"loc":{"start":{"line":15,"column":96},"end":{"line":27,"column":1}}}},"branchMap":{"0":{"loc":{"start":{"line":9,"column":4},"end":{"line":11,"column":null}},"type":"if","locations":[{"start":{"line":9,"column":4},"end":{"line":11,"column":null}}]},"1":{"loc":{"start":{"line":22,"column":8},"end":{"line":24,"column":null}},"type":"if","locations":[{"start":{"line":22,"column":8},"end":{"line":24,"column":null}}]}},"s":{"0":3,"1":3,"2":3,"3":3,"4":3,"5":3,"6":1,"7":2,"8":3,"9":3,"10":1,"11":1,"12":1,"13":1,"14":0,"15":0,"16":0,"17":3},"f":{"0":3,"1":1},"b":{"0":[1],"1":[0]}}
,"/Users/amirhosseindaneshpour/Documents/Projects/Rahnema-Projects/2ndWeek/Voting-System/src/services/user/index.ts": {"path":"/Users/amirhosseindaneshpour/Documents/Projects/Rahnema-Projects/2ndWeek/Voting-System/src/services/user/index.ts","statementMap":{"0":{"start":{"line":1,"column":0},"end":{"line":1,"column":53}},"1":{"start":{"line":3,"column":0},"end":{"line":3,"column":59}},"2":{"start":{"line":5,"column":21},"end":{"line":5,"column":49}},"3":{"start":{"line":7,"column":25},"end":{"line":27,"column":1}},"4":{"start":{"line":8,"column":4},"end":{"line":26,"column":null}},"5":{"start":{"line":9,"column":21},"end":{"line":9,"column":82}},"6":{"start":{"line":10,"column":8},"end":{"line":12,"column":null}},"7":{"start":{"line":11,"column":12},"end":{"line":11,"column":74}},"8":{"start":{"line":13,"column":43},"end":{"line":19,"column":null}},"9":{"start":{"line":20,"column":8},"end":{"line":20,"column":null}},"10":{"start":{"line":22,"column":8},"end":{"line":24,"column":null}},"11":{"start":{"line":23,"column":12},"end":{"line":23,"column":86}},"12":{"start":{"line":25,"column":8},"end":{"line":25,"column":null}},"13":{"start":{"line":7,"column":13},"end":{"line":7,"column":25}}},"fnMap":{"0":{"name":"(anonymous_1)","decl":{"start":{"line":7,"column":25},"end":{"line":7,"column":26}},"loc":{"start":{"line":7,"column":64},"end":{"line":27,"column":1}}}},"branchMap":{"0":{"loc":{"start":{"line":10,"column":8},"end":{"line":12,"column":null}},"type":"if","locations":[{"start":{"line":10,"column":8},"end":{"line":12,"column":null}}]},"1":{"loc":{"start":{"line":22,"column":8},"end":{"line":24,"column":null}},"type":"if","locations":[{"start":{"line":22,"column":8},"end":{"line":24,"column":null}}]}},"s":{"0":3,"1":3,"2":3,"3":3,"4":5,"5":5,"6":5,"7":3,"8":2,"9":2,"10":3,"11":3,"12":0,"13":3},"f":{"0":5},"b":{"0":[3],"1":[3]}}
,"/Users/amirhosseindaneshpour/Documents/Projects/Rahnema-Projects/2ndWeek/Voting-System/src/services/utility/app-error/index.ts": {"path":"/Users/amirhosseindaneshpour/Documents/Projects/Rahnema-Projects/2ndWeek/Voting-System/src/services/utility/app-error/index.ts","statementMap":{"0":{"start":{"line":7,"column":8},"end":{"line":7,"column":23}},"1":{"start":{"line":9,"column":8},"end":{"line":9,"column":37}},"2":{"start":{"line":10,"column":8},"end":{"line":10,"column":73}},"3":{"start":{"line":11,"column":8},"end":{"line":11,"column":34}},"4":{"start":{"line":13,"column":8},"end":{"line":13,"column":56}},"5":{"start":{"line":19,"column":8},"end":{"line":19,"column":28}},"6":{"start":{"line":17,"column":0},"end":{"line":17,"column":13}},"7":{"start":{"line":25,"column":8},"end":{"line":25,"column":28}},"8":{"start":{"line":23,"column":0},"end":{"line":23,"column":13}},"9":{"start":{"line":31,"column":8},"end":{"line":31,"column":28}},"10":{"start":{"line":29,"column":0},"end":{"line":29,"column":13}},"11":{"start":{"line":37,"column":8},"end":{"line":37,"column":28}},"12":{"start":{"line":35,"column":0},"end":{"line":35,"column":13}},"13":{"start":{"line":43,"column":8},"end":{"line":43,"column":28}},"14":{"start":{"line":41,"column":0},"end":{"line":41,"column":13}}},"fnMap":{"0":{"name":"(anonymous_0)","decl":{"start":{"line":6,"column":4},"end":{"line":6,"column":16}},"loc":{"start":{"line":6,"column":51},"end":{"line":14,"column":5}}},"1":{"name":"(anonymous_1)","decl":{"start":{"line":18,"column":4},"end":{"line":18,"column":16}},"loc":{"start":{"line":18,"column":31},"end":{"line":20,"column":5}}},"2":{"name":"(anonymous_2)","decl":{"start":{"line":24,"column":4},"end":{"line":24,"column":16}},"loc":{"start":{"line":24,"column":31},"end":{"line":26,"column":5}}},"3":{"name":"(anonymous_3)","decl":{"start":{"line":30,"column":4},"end":{"line":30,"column":16}},"loc":{"start":{"line":30,"column":31},"end":{"line":32,"column":5}}},"4":{"name":"(anonymous_4)","decl":{"start":{"line":36,"column":4},"end":{"line":36,"column":16}},"loc":{"start":{"line":36,"column":31},"end":{"line":38,"column":5}}},"5":{"name":"(anonymous_5)","decl":{"start":{"line":42,"column":4},"end":{"line":42,"column":16}},"loc":{"start":{"line":42,"column":69},"end":{"line":44,"column":5}}}},"branchMap":{"0":{"loc":{"start":{"line":10,"column":22},"end":{"line":10,"column":72}},"type":"cond-expr","locations":[{"start":{"line":10,"column":56},"end":{"line":10,"column":62}},{"start":{"line":10,"column":65},"end":{"line":10,"column":72}}]},"1":{"loc":{"start":{"line":42,"column":16},"end":{"line":42,"column":69}},"type":"default-arg","locations":[{"start":{"line":42,"column":34},"end":{"line":42,"column":69}}]}},"s":{"0":4,"1":4,"2":4,"3":4,"4":4,"5":3,"6":4,"7":0,"8":4,"9":0,"10":4,"11":1,"12":4,"13":0,"14":4},"f":{"0":4,"1":3,"2":0,"3":0,"4":1,"5":0},"b":{"0":[4,0],"1":[0]}}
,"/Users/amirhosseindaneshpour/Documents/Projects/Rahnema-Projects/2ndWeek/Voting-System/src/services/utility/non-empty-string/index.ts": {"path":"/Users/amirhosseindaneshpour/Documents/Projects/Rahnema-Projects/2ndWeek/Voting-System/src/services/utility/non-empty-string/index.ts","statementMap":{"0":{"start":{"line":7,"column":32},"end":{"line":37,"column":1}},"1":{"start":{"line":8,"column":4},"end":{"line":14,"column":null}},"2":{"start":{"line":9,"column":8},"end":{"line":13,"column":10}},"3":{"start":{"line":16,"column":4},"end":{"line":22,"column":null}},"4":{"start":{"line":17,"column":8},"end":{"line":21,"column":10}},"5":{"start":{"line":24,"column":4},"end":{"line":30,"column":null}},"6":{"start":{"line":25,"column":8},"end":{"line":29,"column":10}},"7":{"start":{"line":32,"column":4},"end":{"line":36,"column":6}},"8":{"start":{"line":7,"column":13},"end":{"line":7,"column":32}}},"fnMap":{"0":{"name":"(anonymous_0)","decl":{"start":{"line":7,"column":32},"end":{"line":7,"column":33}},"loc":{"start":{"line":7,"column":92},"end":{"line":37,"column":1}}}},"branchMap":{"0":{"loc":{"start":{"line":7,"column":47},"end":{"line":7,"column":72}},"type":"default-arg","locations":[{"start":{"line":7,"column":65},"end":{"line":7,"column":72}}]},"1":{"loc":{"start":{"line":8,"column":4},"end":{"line":14,"column":null}},"type":"if","locations":[{"start":{"line":8,"column":4},"end":{"line":14,"column":null}}]},"2":{"loc":{"start":{"line":16,"column":4},"end":{"line":22,"column":null}},"type":"if","locations":[{"start":{"line":16,"column":4},"end":{"line":22,"column":null}}]},"3":{"loc":{"start":{"line":24,"column":4},"end":{"line":30,"column":null}},"type":"if","locations":[{"start":{"line":24,"column":4},"end":{"line":30,"column":null}}]}},"s":{"0":3,"1":18,"2":3,"3":15,"4":3,"5":12,"6":1,"7":11,"8":3},"f":{"0":18},"b":{"0":[2],"1":[3],"2":[3],"3":[1]}}
}
