{"/Users/amirhosseindaneshpour/Documents/Projects/Rahnema-Projects/2ndWeek/Voting-System/src/index.ts": {"path":"/Users/amirhosseindaneshpour/Documents/Projects/Rahnema-Projects/2ndWeek/Voting-System/src/index.ts","statementMap":{"0":{"start":{"line":1,"column":0},"end":{"line":1,"column":30}},"1":{"start":{"line":3,"column":0},"end":{"line":3,"column":57}},"2":{"start":{"line":6,"column":13},"end":{"line":6,"column":29}},"3":{"start":{"line":7,"column":13},"end":{"line":7,"column":25}},"4":{"start":{"line":9,"column":0},"end":{"line":9,"column":24}},"5":{"start":{"line":10,"column":0},"end":{"line":10,"column":48}},"6":{"start":{"line":14,"column":0},"end":{"line":14,"column":20}}},"fnMap":{},"branchMap":{},"s":{"0":1,"1":1,"2":1,"3":1,"4":1,"5":1,"6":1},"f":{},"b":{}}
,"/Users/amirhosseindaneshpour/Documents/Projects/Rahnema-Projects/2ndWeek/Voting-System/src/controllers/user/index.ts": {"path":"/Users/amirhosseindaneshpour/Documents/Projects/Rahnema-Projects/2ndWeek/Voting-System/src/controllers/user/index.ts","statementMap":{"0":{"start":{"line":1,"column":0},"end":{"line":1,"column":53}},"1":{"start":{"line":2,"column":0},"end":{"line":2,"column":75}},"2":{"start":{"line":3,"column":0},"end":{"line":3,"column":56}},"3":{"start":{"line":4,"column":0},"end":{"line":4,"column":48}},"4":{"start":{"line":6,"column":13},"end":{"line":6,"column":39}},"5":{"start":{"line":8,"column":0},"end":{"line":22,"column":3}},"6":{"start":{"line":9,"column":35},"end":{"line":9,"column":43}},"7":{"start":{"line":10,"column":31},"end":{"line":10,"column":69}},"8":{"start":{"line":11,"column":31},"end":{"line":11,"column":69}},"9":{"start":{"line":13,"column":4},"end":{"line":16,"column":null}},"10":{"start":{"line":14,"column":8},"end":{"line":14,"column":96}},"11":{"start":{"line":15,"column":8},"end":{"line":15,"column":15}},"12":{"start":{"line":18,"column":21},"end":{"line":18,"column":50}},"13":{"start":{"line":20,"column":4},"end":{"line":20,"column":32}},"14":{"start":{"line":21,"column":4},"end":{"line":21,"column":11}}},"fnMap":{"0":{"name":"(anonymous_1)","decl":{"start":{"line":8,"column":22},"end":{"line":8,"column":23}},"loc":{"start":{"line":8,"column":34},"end":{"line":22,"column":1}}}},"branchMap":{"0":{"loc":{"start":{"line":13,"column":4},"end":{"line":16,"column":null}},"type":"if","locations":[{"start":{"line":13,"column":4},"end":{"line":16,"column":null}}]},"1":{"loc":{"start":{"line":13,"column":8},"end":{"line":13,"column":62}},"type":"binary-expr","locations":[{"start":{"line":13,"column":8},"end":{"line":13,"column":33}},{"start":{"line":13,"column":37},"end":{"line":13,"column":62}}]}},"s":{"0":1,"1":1,"2":1,"3":1,"4":1,"5":1,"6":5,"7":5,"8":5,"9":5,"10":2,"11":2,"12":3,"13":3,"14":3},"f":{"0":5},"b":{"0":[2],"1":[5,4]}}
,"/Users/amirhosseindaneshpour/Documents/Projects/Rahnema-Projects/2ndWeek/Voting-System/src/controllers/utility/http-response/index.ts": {"path":"/Users/amirhosseindaneshpour/Documents/Projects/Rahnema-Projects/2ndWeek/Voting-System/src/controllers/utility/http-response/index.ts","statementMap":{"0":{"start":{"line":11,"column":28},"end":{"line":13,"column":1}},"1":{"start":{"line":12,"column":4},"end":{"line":12,"column":50}},"2":{"start":{"line":11,"column":13},"end":{"line":11,"column":28}}},"fnMap":{"0":{"name":"(anonymous_0)","decl":{"start":{"line":11,"column":28},"end":{"line":11,"column":29}},"loc":{"start":{"line":11,"column":67},"end":{"line":13,"column":1}}}},"branchMap":{},"s":{"0":1,"1":5,"2":1},"f":{"0":5},"b":{}}
,"/Users/amirhosseindaneshpour/Documents/Projects/Rahnema-Projects/2ndWeek/Voting-System/src/repositories/user/index.ts": {"path":"/Users/amirhosseindaneshpour/Documents/Projects/Rahnema-Projects/2ndWeek/Voting-System/src/repositories/user/index.ts","statementMap":{"0":{"start":{"line":1,"column":0},"end":{"line":1,"column":26}},"1":{"start":{"line":5,"column":12},"end":{"line":24,"column":6}},"2":{"start":{"line":27,"column":8},"end":{"line":27,"column":97}},"3":{"start":{"line":27,"column":39},"end":{"line":27,"column":95}},"4":{"start":{"line":32,"column":0},"end":{"line":32,"column":30}}},"fnMap":{"0":{"name":"(anonymous_0)","decl":{"start":{"line":4,"column":0},"end":{"line":4,"column":6}},"loc":{"start":{"line":4,"column":0},"end":{"line":30,"column":1}}},"1":{"name":"(anonymous_1)","decl":{"start":{"line":26,"column":4},"end":{"line":26,"column":32}},"loc":{"start":{"line":26,"column":67},"end":{"line":28,"column":5}}},"2":{"name":"(anonymous_2)","decl":{"start":{"line":27,"column":31},"end":{"line":27,"column":35}},"loc":{"start":{"line":27,"column":39},"end":{"line":27,"column":95}}}},"branchMap":{"0":{"loc":{"start":{"line":27,"column":39},"end":{"line":27,"column":95}},"type":"binary-expr","locations":[{"start":{"line":27,"column":39},"end":{"line":27,"column":65}},{"start":{"line":27,"column":69},"end":{"line":27,"column":95}}]}},"s":{"0":2,"1":2,"2":5,"3":11,"4":2},"f":{"0":2,"1":5,"2":11},"b":{"0":[11,3]}}
,"/Users/amirhosseindaneshpour/Documents/Projects/Rahnema-Projects/2ndWeek/Voting-System/src/services/user/index.ts": {"path":"/Users/amirhosseindaneshpour/Documents/Projects/Rahnema-Projects/2ndWeek/Voting-System/src/services/user/index.ts","statementMap":{"0":{"start":{"line":1,"column":0},"end":{"line":1,"column":53}},"1":{"start":{"line":3,"column":21},"end":{"line":3,"column":41}},"2":{"start":{"line":5,"column":25},"end":{"line":22,"column":1}},"3":{"start":{"line":6,"column":17},"end":{"line":6,"column":78}},"4":{"start":{"line":8,"column":4},"end":{"line":21,"column":12}},"5":{"start":{"line":5,"column":13},"end":{"line":5,"column":25}}},"fnMap":{"0":{"name":"(anonymous_1)","decl":{"start":{"line":5,"column":25},"end":{"line":5,"column":26}},"loc":{"start":{"line":5,"column":64},"end":{"line":22,"column":1}}}},"branchMap":{"0":{"loc":{"start":{"line":8,"column":11},"end":{"line":21,"column":12}},"type":"cond-expr","locations":[{"start":{"line":9,"column":10},"end":{"line":15,"column":null}},{"start":{"line":16,"column":10},"end":{"line":21,"column":12}}]}},"s":{"0":2,"1":2,"2":2,"3":5,"4":5,"5":2},"f":{"0":5},"b":{"0":[2,3]}}
,"/Users/amirhosseindaneshpour/Documents/Projects/Rahnema-Projects/2ndWeek/Voting-System/src/services/utility/non-empty-string/index.ts": {"path":"/Users/amirhosseindaneshpour/Documents/Projects/Rahnema-Projects/2ndWeek/Voting-System/src/services/utility/non-empty-string/index.ts","statementMap":{"0":{"start":{"line":7,"column":32},"end":{"line":37,"column":1}},"1":{"start":{"line":8,"column":4},"end":{"line":14,"column":null}},"2":{"start":{"line":9,"column":8},"end":{"line":13,"column":10}},"3":{"start":{"line":16,"column":4},"end":{"line":22,"column":null}},"4":{"start":{"line":17,"column":8},"end":{"line":21,"column":10}},"5":{"start":{"line":24,"column":4},"end":{"line":30,"column":null}},"6":{"start":{"line":25,"column":8},"end":{"line":29,"column":10}},"7":{"start":{"line":32,"column":4},"end":{"line":36,"column":6}},"8":{"start":{"line":7,"column":13},"end":{"line":7,"column":32}}},"fnMap":{"0":{"name":"(anonymous_0)","decl":{"start":{"line":7,"column":32},"end":{"line":7,"column":33}},"loc":{"start":{"line":7,"column":92},"end":{"line":37,"column":1}}}},"branchMap":{"0":{"loc":{"start":{"line":7,"column":47},"end":{"line":7,"column":72}},"type":"default-arg","locations":[{"start":{"line":7,"column":65},"end":{"line":7,"column":72}}]},"1":{"loc":{"start":{"line":8,"column":4},"end":{"line":14,"column":null}},"type":"if","locations":[{"start":{"line":8,"column":4},"end":{"line":14,"column":null}}]},"2":{"loc":{"start":{"line":16,"column":4},"end":{"line":22,"column":null}},"type":"if","locations":[{"start":{"line":16,"column":4},"end":{"line":22,"column":null}}]},"3":{"loc":{"start":{"line":24,"column":4},"end":{"line":30,"column":null}},"type":"if","locations":[{"start":{"line":24,"column":4},"end":{"line":30,"column":null}}]}},"s":{"0":2,"1":14,"2":2,"3":12,"4":3,"5":9,"6":1,"7":8,"8":2},"f":{"0":14},"b":{"0":[2],"1":[2],"2":[3],"3":[1]}}
}
