TN:
SF:src/index.ts
FNF:0
FNH:0
DA:1,2
DA:2,2
DA:3,2
DA:6,2
DA:7,2
DA:9,2
DA:10,2
DA:12,2
DA:14,2
LF:9
LH:9
BRF:0
BRH:0
end_of_record
TN:
SF:src/controllers/plan/index.ts
FN:10,(anonymous_8)
FN:10,(anonymous_9)
FNF:2
FNH:2
FNDA:4,(anonymous_8)
FNDA:4,(anonymous_9)
DA:1,2
DA:2,2
DA:3,2
DA:4,2
DA:6,2
DA:8,2
DA:10,4
DA:11,4
DA:13,4
DA:14,1
DA:20,1
DA:23,3
DA:24,1
DA:30,1
DA:33,2
DA:34,1
DA:40,1
DA:43,1
DA:45,1
DA:47,1
LF:20
LH:20
BRDA:13,0,0,1
BRDA:23,1,0,1
BRDA:23,2,0,3
BRDA:23,2,1,3
BRDA:33,3,0,1
BRF:5
BRH:5
end_of_record
TN:
SF:src/controllers/user/index.ts
FN:9,(anonymous_1)
FNF:1
FNH:1
FNDA:5,(anonymous_1)
DA:1,2
DA:2,2
DA:3,2
DA:5,2
DA:7,2
DA:9,2
DA:10,5
DA:11,5
DA:12,5
DA:14,5
DA:15,2
DA:16,2
DA:19,3
DA:21,3
DA:22,3
LF:15
LH:15
BRDA:14,0,0,2
BRDA:14,1,0,5
BRDA:14,1,1,4
BRF:3
BRH:3
end_of_record
TN:
SF:src/controllers/utility/http-response/index.ts
FN:11,(anonymous_0)
FNF:1
FNH:1
FNDA:9,(anonymous_0)
DA:11,2
DA:12,9
LF:2
LH:2
BRF:0
BRH:0
end_of_record
TN:
SF:src/repositories/plan/index.ts
FN:16,(anonymous_0)
FN:39,(anonymous_1)
FN:46,(anonymous_2)
FNF:3
FNH:3
FNDA:3,(anonymous_0)
FNDA:3,(anonymous_1)
FNDA:1,(anonymous_2)
DA:3,3
DA:4,3
DA:5,3
DA:6,3
DA:7,3
DA:17,3
DA:18,3
DA:37,3
DA:40,3
DA:41,3
DA:43,3
DA:47,1
DA:48,1
DA:49,1
DA:50,1
DA:54,3
LF:16
LH:16
BRDA:40,0,0,3
BRF:1
BRH:1
end_of_record
TN:
SF:src/repositories/user/index.ts
FN:5,(anonymous_0)
FN:28,(anonymous_1)
FN:35,(anonymous_2)
FN:36,(anonymous_3)
FNF:4
FNH:4
FNDA:3,(anonymous_0)
FNDA:3,(anonymous_1)
FNDA:5,(anonymous_2)
FNDA:11,(anonymous_3)
DA:1,3
DA:6,3
DA:7,3
DA:29,3
DA:30,3
DA:32,3
DA:36,11
DA:40,3
LF:8
LH:8
BRDA:29,0,0,3
BRDA:36,1,0,11
BRDA:36,1,1,3
BRF:3
BRH:3
end_of_record
TN:
SF:src/services/plan/index.ts
FN:7,(anonymous_1)
FN:15,(anonymous_2)
FNF:2
FNH:2
FNDA:3,(anonymous_1)
FNDA:1,(anonymous_2)
DA:1,3
DA:2,3
DA:5,3
DA:7,3
DA:8,3
DA:9,3
DA:10,1
DA:12,2
DA:15,3
DA:16,1
DA:17,1
DA:19,1
DA:20,1
DA:22,0
DA:23,0
DA:25,0
LF:16
LH:13
BRDA:9,0,0,1
BRDA:22,1,0,0
BRF:2
BRH:1
end_of_record
TN:
SF:src/services/user/index.ts
FN:7,(anonymous_1)
FNF:1
FNH:1
FNDA:5,(anonymous_1)
DA:1,3
DA:3,3
DA:5,3
DA:7,3
DA:8,5
DA:9,5
DA:10,5
DA:11,3
DA:13,2
DA:20,2
DA:22,3
DA:23,3
DA:25,0
LF:13
LH:12
BRDA:10,0,0,3
BRDA:22,1,0,3
BRF:2
BRH:2
end_of_record
TN:
SF:src/services/utility/app-error/index.ts
FN:6,(anonymous_0)
FN:18,(anonymous_1)
FN:24,(anonymous_2)
FN:30,(anonymous_3)
FN:36,(anonymous_4)
FN:42,(anonymous_5)
FNF:6
FNH:3
FNDA:4,(anonymous_0)
FNDA:3,(anonymous_1)
FNDA:0,(anonymous_2)
FNDA:0,(anonymous_3)
FNDA:1,(anonymous_4)
FNDA:0,(anonymous_5)
DA:7,4
DA:9,4
DA:10,4
DA:11,4
DA:13,4
DA:17,4
DA:19,3
DA:23,4
DA:25,0
DA:29,4
DA:31,0
DA:35,4
DA:37,1
DA:41,4
DA:43,0
LF:15
LH:12
BRDA:10,0,0,4
BRDA:10,0,1,0
BRDA:42,1,0,0
BRF:3
BRH:1
end_of_record
TN:
SF:src/services/utility/non-empty-string/index.ts
FN:7,(anonymous_0)
FNF:1
FNH:1
FNDA:18,(anonymous_0)
DA:7,3
DA:8,18
DA:9,3
DA:16,15
DA:17,3
DA:24,12
DA:25,1
DA:32,11
LF:8
LH:8
BRDA:7,0,0,2
BRDA:8,1,0,3
BRDA:16,2,0,3
BRDA:24,3,0,1
BRF:4
BRH:4
end_of_record
