TN:
SF:src/index.ts
FNF:0
FNH:0
DA:1,1
DA:3,1
DA:6,1
DA:7,1
DA:9,1
DA:10,1
DA:14,1
LF:7
LH:7
BRF:0
BRH:0
end_of_record
TN:
SF:src/controllers/user/index.ts
FN:8,(anonymous_1)
FNF:1
FNH:1
FNDA:5,(anonymous_1)
DA:1,1
DA:2,1
DA:3,1
DA:4,1
DA:6,1
DA:8,1
DA:9,5
DA:10,5
DA:11,5
DA:13,5
DA:14,2
DA:15,2
DA:18,3
DA:20,3
DA:21,3
LF:15
LH:15
BRDA:13,0,0,2
BRDA:13,1,0,5
BRDA:13,1,1,4
BRF:3
BRH:3
end_of_record
TN:
SF:src/controllers/utility/http-response/index.ts
FN:11,(anonymous_0)
FNF:1
FNH:1
FNDA:5,(anonymous_0)
DA:11,1
DA:12,5
LF:2
LH:2
BRF:0
BRH:0
end_of_record
TN:
SF:src/repositories/user/index.ts
FN:4,(anonymous_0)
FN:26,(anonymous_1)
FN:27,(anonymous_2)
FNF:3
FNH:3
FNDA:2,(anonymous_0)
FNDA:5,(anonymous_1)
FNDA:11,(anonymous_2)
DA:1,2
DA:5,2
DA:27,11
DA:32,2
LF:4
LH:4
BRDA:27,0,0,11
BRDA:27,0,1,3
BRF:2
BRH:2
end_of_record
TN:
SF:src/services/user/index.ts
FN:5,(anonymous_1)
FNF:1
FNH:1
FNDA:5,(anonymous_1)
DA:1,2
DA:3,2
DA:5,2
DA:6,5
DA:8,5
LF:5
LH:5
BRDA:8,0,0,2
BRDA:8,0,1,3
BRF:2
BRH:2
end_of_record
TN:
SF:src/services/utility/non-empty-string/index.ts
FN:7,(anonymous_0)
FNF:1
FNH:1
FNDA:14,(anonymous_0)
DA:7,2
DA:8,14
DA:9,2
DA:16,12
DA:17,3
DA:24,9
DA:25,1
DA:32,8
LF:8
LH:8
BRDA:7,0,0,2
BRDA:8,1,0,2
BRDA:16,2,0,3
BRDA:24,3,0,1
BRF:4
BRH:4
end_of_record
